{"/home/whatcheer/crCentury-Scraper/mocks/gallery.js": {"path":"/home/whatcheer/crCentury-Scraper/mocks/gallery.js","statementMap":{"0":{"start":{"line":1,"column":16},"end":{"line":1,"column":34}},"1":{"start":{"line":2,"column":15},"end":{"line":2,"column":31}},"2":{"start":{"line":5,"column":19},"end":{"line":20,"column":1}},"3":{"start":{"line":23,"column":0},"end":{"line":79,"column":3}},"4":{"start":{"line":24,"column":17},"end":{"line":66,"column":5}},"5":{"start":{"line":41,"column":53},"end":{"line":60,"column":21}},"6":{"start":{"line":69,"column":4},"end":{"line":76,"column":5}},"7":{"start":{"line":70,"column":8},"end":{"line":74,"column":11}},"8":{"start":{"line":75,"column":8},"end":{"line":75,"column":15}},"9":{"start":{"line":78,"column":4},"end":{"line":78,"column":19}},"10":{"start":{"line":81,"column":0},"end":{"line":81,"column":24}}},"fnMap":{"0":{"name":"(anonymous_0)","decl":{"start":{"line":23,"column":16},"end":{"line":23,"column":17}},"loc":{"start":{"line":23,"column":30},"end":{"line":79,"column":1}},"line":23},"1":{"name":"(anonymous_1)","decl":{"start":{"line":41,"column":37},"end":{"line":41,"column":38}},"loc":{"start":{"line":41,"column":53},"end":{"line":60,"column":21}},"line":41}},"branchMap":{"0":{"loc":{"start":{"line":69,"column":4},"end":{"line":76,"column":5}},"type":"if","locations":[{"start":{"line":69,"column":4},"end":{"line":76,"column":5}},{"start":{},"end":{}}],"line":69}},"s":{"0":1,"1":1,"2":1,"3":1,"4":5,"5":10,"6":5,"7":0,"8":0,"9":5,"10":1},"f":{"0":5,"1":10},"b":{"0":[0,5]},"_coverageSchema":"1a1c01bbd47fc00a2c39e90264f33305004495a9","hash":"b2055d7be2aca7bec30569d18b2071b91c759e48"}
,"/home/whatcheer/crCentury-Scraper/src/pdf-converter.js": {"path":"/home/whatcheer/crCentury-Scraper/src/pdf-converter.js","statementMap":{"0":{"start":{"line":1,"column":21},"end":{"line":1,"column":39}},"1":{"start":{"line":2,"column":11},"end":{"line":2,"column":33}},"2":{"start":{"line":3,"column":13},"end":{"line":3,"column":28}},"3":{"start":{"line":6,"column":24},"end":{"line":13,"column":5}},"4":{"start":{"line":15,"column":20},"end":{"line":15,"column":50}},"5":{"start":{"line":17,"column":4},"end":{"line":33,"column":5}},"6":{"start":{"line":19,"column":8},"end":{"line":19,"column":66}},"7":{"start":{"line":22,"column":37},"end":{"line":22,"column":59}},"8":{"start":{"line":23,"column":8},"end":{"line":23,"column":86}},"9":{"start":{"line":25,"column":8},"end":{"line":29,"column":12}},"10":{"start":{"line":25,"column":49},"end":{"line":29,"column":9}},"11":{"start":{"line":31,"column":8},"end":{"line":31,"column":54}},"12":{"start":{"line":32,"column":8},"end":{"line":32,"column":20}},"13":{"start":{"line":36,"column":0},"end":{"line":36,"column":40}}},"fnMap":{"0":{"name":"convertPDFToImages","decl":{"start":{"line":5,"column":15},"end":{"line":5,"column":33}},"loc":{"start":{"line":5,"column":43},"end":{"line":34,"column":1}},"line":5},"1":{"name":"(anonymous_1)","decl":{"start":{"line":25,"column":40},"end":{"line":25,"column":41}},"loc":{"start":{"line":25,"column":49},"end":{"line":29,"column":9}},"line":25}},"branchMap":{},"s":{"0":1,"1":1,"2":1,"3":3,"4":3,"5":3,"6":3,"7":3,"8":2,"9":2,"10":4,"11":1,"12":1,"13":1},"f":{"0":3,"1":4},"b":{},"_coverageSchema":"1a1c01bbd47fc00a2c39e90264f33305004495a9","hash":"5d421ad36953b25bcb9e459ac6361cd1899bab3c"}
}
