TN:
SF:mocks/gallery.js
FN:23,(anonymous_0)
FN:41,(anonymous_1)
FNF:2
FNH:2
FNDA:32,(anonymous_0)
FNDA:64,(anonymous_1)
DA:1,4
DA:2,34
DA:5,18
DA:23,2
DA:24,16
DA:41,48
DA:69,18
DA:70,0
DA:75,0
DA:78,16
DA:81,2
LF:11
LH:9
BRDA:69,0,0,0
BRDA:69,0,1,32
BRF:2
BRH:1
end_of_record
TN:
SF:mocks/setup.js
FN:27,(anonymous_0)
FN:42,(anonymous_1)
FN:43,(anonymous_2)
FN:44,(anonymous_3)
FN:45,(anonymous_4)
FN:49,(anonymous_5)
FN:52,(anonymous_6)
FN:53,(anonymous_7)
FN:59,(anonymous_8)
FN:60,(anonymous_9)
FN:61,(anonymous_10)
FN:62,(anonymous_11)
FN:71,(anonymous_12)
FNF:13
FNH:0
FNDA:0,(anonymous_0)
FNDA:0,(anonymous_1)
FNDA:0,(anonymous_2)
FNDA:0,(anonymous_3)
FNDA:0,(anonymous_4)
FNDA:0,(anonymous_5)
FNDA:0,(anonymous_6)
FNDA:0,(anonymous_7)
FNDA:0,(anonymous_8)
FNDA:0,(anonymous_9)
FNDA:0,(anonymous_10)
FNDA:0,(anonymous_11)
FNDA:0,(anonymous_12)
DA:1,1
DA:2,1
DA:3,1
DA:6,1
DA:7,1
DA:10,1
DA:13,1
DA:25,1
DA:26,0
DA:27,0
DA:41,1
DA:43,0
DA:44,0
DA:45,0
DA:49,1
DA:50,0
DA:58,1
DA:60,0
DA:61,0
DA:62,0
DA:66,1
DA:69,1
DA:70,0
DA:71,0
DA:76,1
DA:77,1
LF:26
LH:15
BRDA:25,0,0,0
BRDA:25,0,1,1
BRDA:49,1,0,1
BRDA:49,1,1,1
BRDA:69,2,0,0
BRDA:69,2,1,1
BRDA:76,3,0,1
BRDA:76,3,1,0
BRF:8
BRH:5
end_of_record
TN:
SF:src/pdf-converter.js
FN:5,convertPDFToImages
FN:25,(anonymous_1)
FNF:2
FNH:2
FNDA:6,convertPDFToImages
FNDA:8,(anonymous_1)
DA:1,4
DA:2,4
DA:3,3
DA:6,5
DA:15,7
DA:17,4
DA:19,4
DA:22,4
DA:23,2
DA:25,4
DA:31,1
DA:32,1
DA:36,1
LF:13
LH:13
BRF:0
BRH:0
end_of_record
